<?xml version="1.0" encoding="UTF-8"?>
<!-- Generated by org.testng.reporters.JUnitReportReporter -->
<testsuite hostname="eulogik" failures="0" tests="1" name="AdmifyWindows.Documents" time="28.317" errors="0" timestamp="2023-11-10T16:54:25 IST" skipped="0">
  <testcase classname="AdmifyWindows.Documents" name="CreateDocument" time="28.317"/>
</testsuite> <!-- AdmifyWindows.Documents -->
