<?xml version="1.0" encoding="UTF-8"?>
<!-- Generated by org.testng.reporters.JUnitReportReporter -->
<testsuite hostname="eulogik" failures="0" tests="3" name="AdmifyWindows.TeamLeaderPage" time="24.990" errors="0" timestamp="2023-11-10T16:54:25 IST" skipped="0">
  <testcase classname="AdmifyWindows.TeamLeaderPage" name="TeamLeaderFields" time="4.925"/>
  <testcase classname="AdmifyWindows.TeamLeaderPage" name="AddTeamLeader" time="11.420"/>
  <testcase classname="AdmifyWindows.TeamLeaderPage" name="TeamLeaderTasks" time="8.645"/>
</testsuite> <!-- AdmifyWindows.TeamLeaderPage -->
