<?xml version="1.0" encoding="UTF-8"?>
<!-- Generated by org.testng.reporters.JUnitReportReporter -->
<testsuite hostname="eulogik" failures="0" tests="1" name="AdmifyWindows.Demos" time="37.046" errors="0" timestamp="2023-11-02T10:24:59 IST" skipped="0">
  <testcase classname="AdmifyWindows.Demos" name="CreateDemo" time="37.046"/>
</testsuite> <!-- AdmifyWindows.Demos -->
