<?xml version="1.0" encoding="UTF-8"?>
<!-- Generated by org.testng.reporters.JUnitReportReporter -->
<testsuite hostname="eulogik" failures="0" tests="4" name="AdmifyWindows.CounsellorPage" time="30.484" errors="0" timestamp="2023-11-10T16:54:25 IST" skipped="0">
  <testcase classname="AdmifyWindows.CounsellorPage" name="AddCounselors" time="12.343"/>
  <testcase classname="AdmifyWindows.CounsellorPage" name="CounselorUpdate" time="10.180"/>
  <testcase classname="AdmifyWindows.CounsellorPage" name="CounselorDetail" time="6.427"/>
  <testcase classname="AdmifyWindows.CounsellorPage" name="CounselorTaskDetail" time="1.534"/>
</testsuite> <!-- AdmifyWindows.CounsellorPage -->
