<?xml version="1.0" encoding="UTF-8"?>
<!-- Generated by org.testng.reporters.JUnitReportReporter -->
<testsuite hostname="eulogik" failures="0" tests="2" name="AdmifyWindows.StaffPage" time="23.253" errors="0" timestamp="2023-11-10T16:54:25 IST" skipped="0">
  <testcase classname="AdmifyWindows.StaffPage" name="AddStaff" time="13.494"/>
  <testcase classname="AdmifyWindows.StaffPage" name="StaffDetail" time="9.759"/>
</testsuite> <!-- AdmifyWindows.StaffPage -->
