<?xml version="1.0" encoding="UTF-8"?>
<!-- Generated by org.testng.reporters.JUnitReportReporter -->
<testsuite hostname="eulogik" failures="0" tests="3" name="AdmifyWindows.TeamLeaderPage" time="25.393" errors="0" timestamp="2023-11-08T13:21:35 IST" skipped="0">
  <testcase classname="AdmifyWindows.TeamLeaderPage" name="TeamLeaderFields" time="5.065"/>
  <testcase classname="AdmifyWindows.TeamLeaderPage" name="AddTeamLeader" time="11.772"/>
  <testcase classname="AdmifyWindows.TeamLeaderPage" name="TeamLeaderTasks" time="8.556"/>
</testsuite> <!-- AdmifyWindows.TeamLeaderPage -->
