<?xml version="1.0" encoding="UTF-8"?>
<!-- Generated by org.testng.reporters.JUnitReportReporter -->
<testsuite hostname="eulogik" failures="0" tests="2" name="AdmifyWindows.SchoolPage" time="11.207" errors="0" timestamp="2023-11-10T16:54:25 IST" skipped="0">
  <testcase classname="AdmifyWindows.SchoolPage" name="AddSchool" time="7.821"/>
  <testcase classname="AdmifyWindows.SchoolPage" name="EditSchool" time="3.386"/>
</testsuite> <!-- AdmifyWindows.SchoolPage -->
