<?xml version="1.0" encoding="UTF-8"?>
<!-- Generated by org.testng.reporters.JUnitReportReporter -->
<testsuite hostname="eulogik" failures="0" tests="6" name="AdmifyWindows.Dashboard" time="47.870" errors="0" timestamp="2023-11-10T16:54:25 IST" skipped="0">
  <testcase classname="AdmifyWindows.Dashboard" name="DashBoard" time="10.447"/>
  <testcase classname="AdmifyWindows.Dashboard" name="DashboardLeadsCount" time="4.467"/>
  <testcase classname="AdmifyWindows.Dashboard" name="counsellor" time="4.417"/>
  <testcase classname="AdmifyWindows.Dashboard" name="Task" time="8.437"/>
  <testcase classname="AdmifyWindows.Dashboard" name="Leads" time="5.416"/>
  <testcase classname="AdmifyWindows.Dashboard" name="FunctionalGrid" time="14.686"/>
</testsuite> <!-- AdmifyWindows.Dashboard -->
