<?xml version="1.0" encoding="UTF-8"?>
<!-- Generated by org.testng.reporters.JUnitReportReporter -->
<testsuite hostname="eulogik" failures="0" tests="7" name="AdmifyWindows.LoginPage" time="40.297" errors="0" timestamp="2023-10-11T17:05:36 IST" skipped="0">
  <testcase classname="AdmifyWindows.LoginPage" name="Login" time="0.877"/>
  <testcase classname="AdmifyWindows.LoginPage" name="Dashboard" time="10.667"/>
  <testcase classname="AdmifyWindows.LoginPage" name="DashboardLeadsCount" time="4.539"/>
  <testcase classname="AdmifyWindows.LoginPage" name="counsellor" time="4.510"/>
  <testcase classname="AdmifyWindows.LoginPage" name="Task" time="8.469"/>
  <testcase classname="AdmifyWindows.LoginPage" name="Leads" time="5.409"/>
  <testcase classname="AdmifyWindows.LoginPage" name="FunctionalGrid" time="5.826"/>
</testsuite> <!-- AdmifyWindows.LoginPage -->
