<?xml version="1.0" encoding="UTF-8"?>
<!-- Generated by org.testng.reporters.JUnitReportReporter -->
<testsuite hostname="DESKTOP-9BVIAGG" failures="0" tests="1" name="AdmifyWindows.Documents" time="24.155" errors="0" timestamp="2023-10-27T13:30:16 IST" skipped="0">
  <testcase classname="AdmifyWindows.Documents" name="CreateDocument" time="24.155"/>
  <system-out/>
</testsuite> <!-- AdmifyWindows.Documents -->
