<?xml version="1.0" encoding="UTF-8"?>
<!-- Generated by org.testng.reporters.JUnitReportReporter -->
<testsuite hostname="eulogik" failures="0" tests="1" name="AdmifyWindows.StagesPage" time="20.311" errors="0" timestamp="2023-11-10T16:54:25 IST" skipped="0">
  <testcase classname="AdmifyWindows.StagesPage" name="AddStages" time="20.311"/>
</testsuite> <!-- AdmifyWindows.StagesPage -->
