<?xml version="1.0" encoding="UTF-8"?>
<!-- Generated by org.testng.reporters.JUnitReportReporter -->
<testsuite hostname="eulogik" failures="0" tests="2" name="AdmifyWindows.Groups" time="37.870" errors="0" timestamp="2023-11-01T14:51:38 IST" skipped="0">
  <testcase classname="AdmifyWindows.Groups" name="CreateGroups" time="10.396"/>
  <testcase classname="AdmifyWindows.Groups" name="GroupDetailPage" time="27.474"/>
</testsuite> <!-- AdmifyWindows.Groups -->
