<?xml version="1.0" encoding="UTF-8"?>
<!-- Generated by org.testng.reporters.JUnitReportReporter -->
<testsuite hostname="eulogik" failures="0" tests="2" name="AdmifyWindows.TasksPage" time="48.640" errors="0" timestamp="2023-11-02T17:48:37 IST" skipped="0">
  <testcase classname="AdmifyWindows.TasksPage" name="AddTask" time="33.381"/>
  <testcase classname="AdmifyWindows.TasksPage" name="TasksFunctionality" time="15.259"/>
</testsuite> <!-- AdmifyWindows.TasksPage -->
