<?xml version="1.0" encoding="UTF-8"?>
<!-- Generated by org.testng.reporters.JUnitReportReporter -->
<testsuite hostname="eulogik" failures="0" tests="2" name="AdmifyWindows.TeamLeaderPage" time="7.320" errors="0" timestamp="2023-11-07T17:20:27 IST" skipped="0">
  <testcase classname="AdmifyWindows.TeamLeaderPage" name="TeamLeaderFields" time="5.058"/>
  <testcase classname="AdmifyWindows.TeamLeaderPage" name="AddTeamLeader" time="2.262"/>
</testsuite> <!-- AdmifyWindows.TeamLeaderPage -->
