<?xml version="1.0" encoding="UTF-8"?>
<!-- Generated by org.testng.reporters.JUnitReportReporter -->
<testsuite hostname="DESKTOP-9BVIAGG" failures="0" tests="2" name="AdmifyWindows.InvalidLeads" time="67.507" errors="0" timestamp="2023-10-27T13:28:32 IST" skipped="0">
  <testcase classname="AdmifyWindows.InvalidLeads" name="InValidLeads" time="57.500"/>
  <system-out/>
  <testcase classname="AdmifyWindows.InvalidLeads" name="EditInvalidLeads" time="10.007"/>
  <system-out/>
</testsuite> <!-- AdmifyWindows.InvalidLeads -->
