<?xml version="1.0" encoding="UTF-8"?>
<!-- Generated by org.testng.reporters.JUnitReportReporter -->
<testsuite hostname="eulogik" failures="0" tests="6" name="AdmifyWindows.Dashboard" time="50.377" errors="0" timestamp="2023-10-28T11:33:31 IST" skipped="0">
  <testcase classname="AdmifyWindows.Dashboard" name="DashBoard" time="10.551"/>
  <testcase classname="AdmifyWindows.Dashboard" name="DashboardLeadsCount" time="4.567"/>
  <testcase classname="AdmifyWindows.Dashboard" name="counsellor" time="4.644"/>
  <testcase classname="AdmifyWindows.Dashboard" name="Task" time="8.931"/>
  <testcase classname="AdmifyWindows.Dashboard" name="Leads" time="5.514"/>
  <testcase classname="AdmifyWindows.Dashboard" name="FunctionalGrid" time="16.170"/>
</testsuite> <!-- AdmifyWindows.Dashboard -->
