<?xml version="1.0" encoding="UTF-8"?>
<!-- Generated by org.testng.reporters.JUnitReportReporter -->
<testsuite hostname="eulogik" failures="0" tests="2" name="AdmifyWindows.InvalidLeads" time="62.390" errors="0" timestamp="2023-11-10T16:54:25 IST" skipped="0">
  <testcase classname="AdmifyWindows.InvalidLeads" name="InValidLeads" time="53.135"/>
  <testcase classname="AdmifyWindows.InvalidLeads" name="EditInvalidLeads" time="9.255"/>
</testsuite> <!-- AdmifyWindows.InvalidLeads -->
