<?xml version="1.0" encoding="UTF-8"?>
<!-- Generated by org.testng.reporters.JUnitReportReporter -->
<testsuite hostname="DESKTOP-9BVIAGG" failures="0" tests="6" name="AdmifyWindows.Dashboard" time="41.288" errors="0" timestamp="2023-10-25T22:11:29 IST" skipped="0">
  <testcase classname="AdmifyWindows.Dashboard" name="DashBoard" time="10.765"/>
  <system-out/>
  <testcase classname="AdmifyWindows.Dashboard" name="DashboardLeadsCount" time="4.645"/>
  <system-out/>
  <testcase classname="AdmifyWindows.Dashboard" name="counsellor" time="4.589"/>
  <system-out/>
  <testcase classname="AdmifyWindows.Dashboard" name="Task" time="8.652"/>
  <system-out/>
  <testcase classname="AdmifyWindows.Dashboard" name="Leads" time="5.611"/>
  <system-out/>
  <testcase classname="AdmifyWindows.Dashboard" name="FunctionalGrid" time="7.026"/>
  <system-out/>
</testsuite> <!-- AdmifyWindows.Dashboard -->
