<?xml version="1.0" encoding="UTF-8"?>
<!-- Generated by org.testng.reporters.JUnitReportReporter -->
<testsuite hostname="eulogik" failures="0" tests="3" name="AdmifyWindows.TasksPage" time="88.528" errors="0" timestamp="2023-11-03T13:03:39 IST" skipped="0">
  <testcase classname="AdmifyWindows.TasksPage" name="AddTask" time="34.025"/>
  <testcase classname="AdmifyWindows.TasksPage" name="TasksFunctionality" time="35.718"/>
  <testcase classname="AdmifyWindows.TasksPage" name="TaskDetial" time="18.785"/>
</testsuite> <!-- AdmifyWindows.TasksPage -->
