<?xml version="1.0" encoding="UTF-8"?>
<!-- Generated by org.testng.reporters.JUnitReportReporter -->
<testsuite hostname="eulogik" failures="0" tests="1" name="AdmifyWindows.StagesPage" time="21.119" errors="0" timestamp="2023-11-07T16:45:53 IST" skipped="0">
  <testcase classname="AdmifyWindows.StagesPage" name="AddStages" time="21.119"/>
</testsuite> <!-- AdmifyWindows.StagesPage -->
