<?xml version="1.0" encoding="UTF-8"?>
<!-- Generated by org.testng.reporters.JUnitReportReporter -->
<testsuite hostname="DESKTOP-9BVIAGG" failures="0" tests="2" name="AdmifyWindows.Groups" time="16.710" errors="0" timestamp="2023-10-27T17:55:18 IST" skipped="0">
  <testcase classname="AdmifyWindows.Groups" name="CreateGroups" time="10.820"/>
  <system-out/>
  <testcase classname="AdmifyWindows.Groups" name="GroupDetailPage" time="5.890"/>
  <system-out/>
</testsuite> <!-- AdmifyWindows.Groups -->
