<?xml version="1.0" encoding="UTF-8"?>
<!-- Generated by org.testng.reporters.JUnitReportReporter -->
<testsuite hostname="DESKTOP-9BVIAGG" failures="0" tests="4" name="AdmifyWindows.LeadsPage" time="103.405" errors="0" timestamp="2023-10-25T22:11:29 IST" skipped="0">
  <testcase classname="AdmifyWindows.LeadsPage" name="AddLeads" time="4.879"/>
  <system-out/>
  <testcase classname="AdmifyWindows.LeadsPage" name="AddLeadForm" time="33.225"/>
  <system-out/>
  <testcase classname="AdmifyWindows.LeadsPage" name="Filter" time="31.389"/>
  <system-out/>
  <testcase classname="AdmifyWindows.LeadsPage" name="AddGroup" time="33.912"/>
  <system-out/>
</testsuite> <!-- AdmifyWindows.LeadsPage -->
