<?xml version="1.0" encoding="UTF-8"?>
<!-- Generated by org.testng.reporters.JUnitReportReporter -->
<testsuite hostname="eulogik" failures="0" tests="2" name="AdmifyWindows.InvalidLeads" time="69.038" errors="0" timestamp="2023-10-28T11:33:31 IST" skipped="0">
  <testcase classname="AdmifyWindows.InvalidLeads" name="InValidLeads" time="57.228"/>
  <testcase classname="AdmifyWindows.InvalidLeads" name="EditInvalidLeads" time="11.810"/>
</testsuite> <!-- AdmifyWindows.InvalidLeads -->
