<?xml version="1.0" encoding="UTF-8"?>
<!-- Generated by org.testng.reporters.JUnitReportReporter -->
<testsuite hostname="eulogik" failures="0" tests="2" name="AdmifyWindows.StaffPage" time="23.796" errors="0" timestamp="2023-11-09T14:38:41 IST" skipped="0">
  <testcase classname="AdmifyWindows.StaffPage" name="AddStaff" time="13.871"/>
  <testcase classname="AdmifyWindows.StaffPage" name="StaffDetail" time="9.925"/>
</testsuite> <!-- AdmifyWindows.StaffPage -->
