<?xml version="1.0" encoding="UTF-8"?>
<!-- Generated by org.testng.reporters.JUnitReportReporter -->
<testsuite hostname="eulogik" failures="0" tests="4" name="AdmifyWindows.LeadsPage" time="98.932" errors="0" timestamp="2023-11-10T16:54:25 IST" skipped="0">
  <testcase classname="AdmifyWindows.LeadsPage" name="AddLeads" time="4.632"/>
  <testcase classname="AdmifyWindows.LeadsPage" name="AddLeadForm" time="30.897"/>
  <testcase classname="AdmifyWindows.LeadsPage" name="Filter" time="31.164"/>
  <testcase classname="AdmifyWindows.LeadsPage" name="AddGroup" time="32.239"/>
</testsuite> <!-- AdmifyWindows.LeadsPage -->
