<?xml version="1.0" encoding="UTF-8"?>
<!-- Generated by org.testng.reporters.JUnitReportReporter -->
<testsuite hostname="eulogik" failures="0" tests="2" name="AdmifyWindows.Demos" time="35.688" errors="0" timestamp="2023-11-10T16:54:25 IST" skipped="0">
  <testcase classname="AdmifyWindows.Demos" name="CreateDemo" time="27.414"/>
  <testcase classname="AdmifyWindows.Demos" name="TableColumns" time="8.274"/>
</testsuite> <!-- AdmifyWindows.Demos -->
