<?xml version="1.0" encoding="UTF-8"?>
<!-- Generated by org.testng.reporters.JUnitReportReporter -->
<testsuite hostname="eulogik" failures="0" tests="2" name="AdmifyWindows.Groups" time="37.301" errors="0" timestamp="2023-11-10T16:54:25 IST" skipped="0">
  <testcase classname="AdmifyWindows.Groups" name="CreateGroups" time="10.155"/>
  <testcase classname="AdmifyWindows.Groups" name="GroupDetailPage" time="27.146"/>
</testsuite> <!-- AdmifyWindows.Groups -->
