<?xml version="1.0" encoding="UTF-8"?>
<!-- Generated by org.testng.reporters.JUnitReportReporter -->
<testsuite hostname="eulogik" failures="0" tests="4" name="AdmifyWindows.CounsellorPage" time="30.568" errors="0" timestamp="2023-11-09T14:18:22 IST" skipped="0">
  <testcase classname="AdmifyWindows.CounsellorPage" name="AddCounselors" time="12.477"/>
  <testcase classname="AdmifyWindows.CounsellorPage" name="CounselorUpdate" time="10.203"/>
  <testcase classname="AdmifyWindows.CounsellorPage" name="CounselorDetail" time="6.421"/>
  <testcase classname="AdmifyWindows.CounsellorPage" name="CounselorTaskDetail" time="1.467"/>
</testsuite> <!-- AdmifyWindows.CounsellorPage -->
