<?xml version="1.0" encoding="UTF-8"?>
<!-- Generated by org.testng.reporters.JUnitReportReporter -->
<testsuite hostname="eulogik" failures="0" tests="1" name="AdmifyWindows.Referrers" time="58.344" errors="0" timestamp="2023-10-28T11:33:31 IST" skipped="0">
  <testcase classname="AdmifyWindows.Referrers" name="AddReferrer" time="58.344"/>
</testsuite> <!-- AdmifyWindows.Referrers -->
