<?xml version="1.0" encoding="UTF-8"?>
<!-- Generated by org.testng.reporters.JUnitReportReporter -->
<testsuite hostname="eulogik" failures="0" tests="4" name="AdmifyWindows.LeadsPage" time="111.008" errors="0" timestamp="2023-10-28T11:33:31 IST" skipped="0">
  <testcase classname="AdmifyWindows.LeadsPage" name="AddLeads" time="4.828"/>
  <testcase classname="AdmifyWindows.LeadsPage" name="AddLeadForm" time="36.176"/>
  <testcase classname="AdmifyWindows.LeadsPage" name="Filter" time="33.761"/>
  <testcase classname="AdmifyWindows.LeadsPage" name="AddGroup" time="36.243"/>
</testsuite> <!-- AdmifyWindows.LeadsPage -->
